<?xml version="1.0" encoding="UTF-8"?>
<testsuite name="com.study.data_jpa.repository.MemberJpaRepositoryTest" tests="1" skipped="0" failures="0" errors="0" timestamp="2024-12-02T07:29:30" hostname="DESKTOP-3QVGDFK" time="0.539">
  <properties/>
  <testcase name="testMember()" classname="com.study.data_jpa.repository.MemberJpaRepositoryTest" time="0.539"/>
  <system-out><![CDATA[16:29:27.116 [Test worker] INFO org.springframework.test.context.support.AnnotationConfigContextLoaderUtils -- Could not detect default configuration classes for test class [com.study.data_jpa.repository.MemberJpaRepositoryTest]: MemberJpaRepositoryTest does not declare any static, non-private, non-final, nested classes annotated with @Configuration.
16:29:27.222 [Test worker] INFO org.springframework.boot.test.context.SpringBootTestContextBootstrapper -- Found @SpringBootConfiguration com.study.data_jpa.DataJpaApplication for test class com.study.data_jpa.repository.MemberJpaRepositoryTest

  .   ____          _            __ _ _
 /\\ / ___'_ __ _ _(_)_ __  __ _ \ \ \ \
( ( )\___ | '_ | '_| | '_ \/ _` | \ \ \ \
 \\/  ___)| |_)| | | | | || (_| |  ) ) ) )
  '  |____| .__|_| |_|_| |_\__, | / / / /
 =========|_|==============|___/=/_/_/_/

 :: Spring Boot ::                (v3.4.0)

2024-12-02T16:29:27.827+09:00  INFO 7952 --- [data-jpa] [    Test worker] c.s.d.r.MemberJpaRepositoryTest          : Starting MemberJpaRepositoryTest using Java 17 with PID 7952 (started by user1 in C:\workspace\boot\data-jpa)
2024-12-02T16:29:27.829+09:00  INFO 7952 --- [data-jpa] [    Test worker] c.s.d.r.MemberJpaRepositoryTest          : No active profile set, falling back to 1 default profile: "default"
2024-12-02T16:29:28.415+09:00  INFO 7952 --- [data-jpa] [    Test worker] .s.d.r.c.RepositoryConfigurationDelegate : Bootstrapping Spring Data JPA repositories in DEFAULT mode.
2024-12-02T16:29:28.442+09:00  INFO 7952 --- [data-jpa] [    Test worker] .s.d.r.c.RepositoryConfigurationDelegate : Finished Spring Data repository scanning in 14 ms. Found 0 JPA repository interfaces.
2024-12-02T16:29:28.792+09:00  INFO 7952 --- [data-jpa] [    Test worker] o.hibernate.jpa.internal.util.LogHelper  : HHH000204: Processing PersistenceUnitInfo [name: default]
2024-12-02T16:29:28.851+09:00  INFO 7952 --- [data-jpa] [    Test worker] org.hibernate.Version                    : HHH000412: Hibernate ORM core version 6.6.2.Final
2024-12-02T16:29:28.884+09:00  INFO 7952 --- [data-jpa] [    Test worker] o.h.c.internal.RegionFactoryInitiator    : HHH000026: Second-level cache disabled
2024-12-02T16:29:29.205+09:00  INFO 7952 --- [data-jpa] [    Test worker] o.s.o.j.p.SpringPersistenceUnitInfo      : No LoadTimeWeaver setup: ignoring JPA class transformer
2024-12-02T16:29:29.240+09:00  INFO 7952 --- [data-jpa] [    Test worker] com.zaxxer.hikari.HikariDataSource       : HikariPool-1 - Starting...
2024-12-02T16:29:29.309+09:00  INFO 7952 --- [data-jpa] [    Test worker] com.zaxxer.hikari.pool.HikariPool        : HikariPool-1 - Added connection conn0: url=jdbc:h2:tcp://localhost/~/datajpa user=SA
2024-12-02T16:29:29.310+09:00  INFO 7952 --- [data-jpa] [    Test worker] com.zaxxer.hikari.HikariDataSource       : HikariPool-1 - Start completed.
2024-12-02T16:29:29.363+09:00  INFO 7952 --- [data-jpa] [    Test worker] org.hibernate.orm.connections.pooling    : HHH10001005: Database info:
	Database JDBC URL [Connecting through datasource 'HikariDataSource (HikariPool-1)']
	Database driver: undefined/unknown
	Database version: 2.3.232
	Autocommit mode: undefined/unknown
	Isolation level: undefined/unknown
	Minimum pool size: undefined/unknown
	Maximum pool size: undefined/unknown
2024-12-02T16:29:30.056+09:00 DEBUG 7952 --- [data-jpa] [    Test worker] org.hibernate.SQL                        : 
    create global temporary table HTE_member(rn_ integer not null, id bigint, username varchar(255), primary key (rn_)) TRANSACTIONAL
2024-12-02T16:29:30.167+09:00  INFO 7952 --- [data-jpa] [    Test worker] o.h.e.t.j.p.i.JtaPlatformInitiator       : HHH000489: No JTA platform available (set 'hibernate.transaction.jta.platform' to enable JTA platform integration)
2024-12-02T16:29:30.181+09:00 DEBUG 7952 --- [data-jpa] [    Test worker] org.hibernate.SQL                        : 
    drop table if exists member cascade 
2024-12-02T16:29:30.183+09:00 DEBUG 7952 --- [data-jpa] [    Test worker] org.hibernate.SQL                        : 
    drop sequence if exists member_seq
2024-12-02T16:29:30.188+09:00 DEBUG 7952 --- [data-jpa] [    Test worker] org.hibernate.SQL                        : 
    create sequence member_seq start with 1 increment by 50
2024-12-02T16:29:30.191+09:00 DEBUG 7952 --- [data-jpa] [    Test worker] org.hibernate.SQL                        : 
    create table member (
        id bigint not null,
        username varchar(255),
        primary key (id)
    )
2024-12-02T16:29:30.195+09:00  INFO 7952 --- [data-jpa] [    Test worker] j.LocalContainerEntityManagerFactoryBean : Initialized JPA EntityManagerFactory for persistence unit 'default'
2024-12-02T16:29:30.364+09:00  WARN 7952 --- [data-jpa] [    Test worker] JpaBaseConfiguration$JpaWebConfiguration : spring.jpa.open-in-view is enabled by default. Therefore, database queries may be performed during view rendering. Explicitly configure spring.jpa.open-in-view to disable this warning
2024-12-02T16:29:30.702+09:00  INFO 7952 --- [data-jpa] [    Test worker] c.s.d.r.MemberJpaRepositoryTest          : Started MemberJpaRepositoryTest in 3.337 seconds (process running for 4.339)
2024-12-02T16:29:31.171+09:00 DEBUG 7952 --- [data-jpa] [    Test worker] org.hibernate.SQL                        : 
    select
        next value for member_seq
]]></system-out>
  <system-err><![CDATA[]]></system-err>
</testsuite>
